Time resolution is 1 ps
---- reset posedge 1 ---- time=6000
PC          = 0x00000000
inst        = 0x00500093
x1=0 x2=0 x3=0 x5=0 x6=0 x7=0
---- reset posedge 2 ---- time=16000
PC          = 0x00000000
inst        = 0x00500093
x1=0 x2=0 x3=0 x5=0 x6=0 x7=0
== RELEASE RESET ==
---- cycle 1 ---- time=26000
PC          = 0x00000004
inst        = 0x00500113
x1=5 x2=0 x3=0 x5=0 x6=0 x7=0
ASSERT PASS: x1 == 5
-------------------------------------
---- cycle 2 ---- time=36000
PC          = 0x00000008
inst        = 0x00208463
x1=5 x2=5 x3=0 x5=0 x6=0 x7=0
ASSERT PASS: x2 == 5
-------------------------------------
---- cycle 3 (BEQ taken) ---- time=46000
PC          = 0x00000010
inst        = 0x00900193
x1=5 x2=5 x3=0 x5=0 x6=0 x7=0
---- cycle 4 (target) ---- time=56000
PC          = 0x00000014
inst        = 0x00300293
x1=5 x2=5 x3=9 x5=0 x6=0 x7=0
ASSERT PASS: x3 (after branch target) == 9
-------------------------------------
---- cycle 5 ---- time=66000
PC          = 0x00000018
inst        = 0x00700313
x1=5 x2=5 x3=9 x5=3 x6=0 x7=0
ASSERT PASS: x5 == 3
-------------------------------------
---- cycle 6 ---- time=76000
PC          = 0x0000001c
inst        = 0x00628463
x1=5 x2=5 x3=9 x5=3 x6=7 x7=0
ASSERT PASS: x6 == 7
-------------------------------------
---- cycle 7 (BEQ not taken) ---- time=86000
PC          = 0x00000020
inst        = 0x00b00393
x1=5 x2=5 x3=9 x5=3 x6=7 x7=0
---- cycle 8 (fall-through) ---- time=96000
PC          = 0x00000024
inst        = 0x01600393
x1=5 x2=5 x3=9 x5=3 x6=7 x7=11
ASSERT PASS: x7 (fall-through) == 11
-------------------------------------
---- cycle 9 ---- time=106000
PC          = 0x00000028
inst        = 0xxxxxxxxx
x1=5 x2=5 x3=9 x5=3 x6=7 x7=22
== BEQ TESTS PASSED ==
$finish called at time : 106 ns : File "D:/ n TKLL/Basic_5stage_CPU/Basic_5stage_CPU.srcs/sim_1/new/cpu_tb_beq.sv" Line 214
